[2023-12-25T07:58:33.287+0000] {taskinstance.py:1171} INFO - Dependencies all met for <TaskInstance: example.fetching_data manual__2023-12-25T07:58:32.146445+00:00 [queued]>
[2023-12-25T07:58:33.292+0000] {taskinstance.py:1171} INFO - Dependencies all met for <TaskInstance: example.fetching_data manual__2023-12-25T07:58:32.146445+00:00 [queued]>
[2023-12-25T07:58:33.293+0000] {taskinstance.py:1368} INFO - 
--------------------------------------------------------------------------------
[2023-12-25T07:58:33.293+0000] {taskinstance.py:1369} INFO - Starting attempt 1 of 1
[2023-12-25T07:58:33.293+0000] {taskinstance.py:1370} INFO - 
--------------------------------------------------------------------------------
[2023-12-25T07:58:33.299+0000] {taskinstance.py:1389} INFO - Executing <Task(PythonOperator): fetching_data> on 2023-12-25 07:58:32.146445+00:00
[2023-12-25T07:58:33.304+0000] {standard_task_runner.py:52} INFO - Started process 1227 to run task
[2023-12-25T07:58:33.306+0000] {standard_task_runner.py:79} INFO - Running: ['***', 'tasks', 'run', 'example', 'fetching_data', 'manual__2023-12-25T07:58:32.146445+00:00', '--job-id', '65', '--raw', '--subdir', 'DAGS_FOLDER/P2M3_saepul_hilal_DAG.py', '--cfg-path', '/tmp/tmps_ckqjhz', '--error-file', '/tmp/tmp1zuro3pv']
[2023-12-25T07:58:33.308+0000] {standard_task_runner.py:80} INFO - Job 65: Subtask fetching_data
[2023-12-25T07:58:33.354+0000] {task_command.py:371} INFO - Running <TaskInstance: example.fetching_data manual__2023-12-25T07:58:32.146445+00:00 [running]> on host fb95896ee755
[2023-12-25T07:58:33.399+0000] {taskinstance.py:1583} INFO - Exporting the following env vars:
AIRFLOW_CTX_DAG_OWNER=Saepul
AIRFLOW_CTX_DAG_ID=example
AIRFLOW_CTX_TASK_ID=fetching_data
AIRFLOW_CTX_EXECUTION_DATE=2023-12-25T07:58:32.146445+00:00
AIRFLOW_CTX_TRY_NUMBER=1
AIRFLOW_CTX_DAG_RUN_ID=manual__2023-12-25T07:58:32.146445+00:00
[2023-12-25T07:58:33.499+0000] {python.py:173} INFO - Done. Returned value was: None
[2023-12-25T07:58:33.507+0000] {taskinstance.py:1412} INFO - Marking task as SUCCESS. dag_id=example, task_id=fetching_data, execution_date=20231225T075832, start_date=20231225T075833, end_date=20231225T075833
[2023-12-25T07:58:33.523+0000] {local_task_job.py:156} INFO - Task exited with return code 0
[2023-12-25T07:58:33.546+0000] {local_task_job.py:279} INFO - 0 downstream tasks scheduled from follow-on schedule check
