[2023-12-25T08:51:27.080+0000] {taskinstance.py:1171} INFO - Dependencies all met for <TaskInstance: example.fetching_data manual__2023-12-25T08:51:25.641610+00:00 [queued]>
[2023-12-25T08:51:27.086+0000] {taskinstance.py:1171} INFO - Dependencies all met for <TaskInstance: example.fetching_data manual__2023-12-25T08:51:25.641610+00:00 [queued]>
[2023-12-25T08:51:27.086+0000] {taskinstance.py:1368} INFO - 
--------------------------------------------------------------------------------
[2023-12-25T08:51:27.086+0000] {taskinstance.py:1369} INFO - Starting attempt 1 of 1
[2023-12-25T08:51:27.086+0000] {taskinstance.py:1370} INFO - 
--------------------------------------------------------------------------------
[2023-12-25T08:51:27.093+0000] {taskinstance.py:1389} INFO - Executing <Task(PythonOperator): fetching_data> on 2023-12-25 08:51:25.641610+00:00
[2023-12-25T08:51:27.099+0000] {standard_task_runner.py:52} INFO - Started process 264 to run task
[2023-12-25T08:51:27.102+0000] {standard_task_runner.py:79} INFO - Running: ['***', 'tasks', 'run', 'example', 'fetching_data', 'manual__2023-12-25T08:51:25.641610+00:00', '--job-id', '5', '--raw', '--subdir', 'DAGS_FOLDER/P2M3_saepul_hilal_DAG.py', '--cfg-path', '/tmp/tmpcu8yul2z', '--error-file', '/tmp/tmp0vbn78pz']
[2023-12-25T08:51:27.104+0000] {standard_task_runner.py:80} INFO - Job 5: Subtask fetching_data
[2023-12-25T08:51:27.170+0000] {task_command.py:371} INFO - Running <TaskInstance: example.fetching_data manual__2023-12-25T08:51:25.641610+00:00 [running]> on host 9a7b9f470606
[2023-12-25T08:51:27.213+0000] {taskinstance.py:1583} INFO - Exporting the following env vars:
AIRFLOW_CTX_DAG_OWNER=Saepul
AIRFLOW_CTX_DAG_ID=example
AIRFLOW_CTX_TASK_ID=fetching_data
AIRFLOW_CTX_EXECUTION_DATE=2023-12-25T08:51:25.641610+00:00
AIRFLOW_CTX_TRY_NUMBER=1
AIRFLOW_CTX_DAG_RUN_ID=manual__2023-12-25T08:51:25.641610+00:00
[2023-12-25T08:51:27.337+0000] {python.py:173} INFO - Done. Returned value was: None
[2023-12-25T08:51:27.345+0000] {taskinstance.py:1412} INFO - Marking task as SUCCESS. dag_id=example, task_id=fetching_data, execution_date=20231225T085125, start_date=20231225T085127, end_date=20231225T085127
[2023-12-25T08:51:27.358+0000] {local_task_job.py:156} INFO - Task exited with return code 0
[2023-12-25T08:51:27.375+0000] {local_task_job.py:279} INFO - 0 downstream tasks scheduled from follow-on schedule check
