[2023-12-25T11:46:01.343+0000] {taskinstance.py:1171} INFO - Dependencies all met for <TaskInstance: ETL.Post_to_Elasticsearch manual__2023-12-25T11:40:56.741352+00:00 [queued]>
[2023-12-25T11:46:01.348+0000] {taskinstance.py:1171} INFO - Dependencies all met for <TaskInstance: ETL.Post_to_Elasticsearch manual__2023-12-25T11:40:56.741352+00:00 [queued]>
[2023-12-25T11:46:01.348+0000] {taskinstance.py:1368} INFO - 
--------------------------------------------------------------------------------
[2023-12-25T11:46:01.348+0000] {taskinstance.py:1369} INFO - Starting attempt 2 of 2
[2023-12-25T11:46:01.348+0000] {taskinstance.py:1370} INFO - 
--------------------------------------------------------------------------------
[2023-12-25T11:46:01.354+0000] {taskinstance.py:1389} INFO - Executing <Task(PythonOperator): Post_to_Elasticsearch> on 2023-12-25 11:40:56.741352+00:00
[2023-12-25T11:46:01.359+0000] {standard_task_runner.py:52} INFO - Started process 562 to run task
[2023-12-25T11:46:01.361+0000] {standard_task_runner.py:79} INFO - Running: ['***', 'tasks', 'run', 'ETL', 'Post_to_Elasticsearch', 'manual__2023-12-25T11:40:56.741352+00:00', '--job-id', '29', '--raw', '--subdir', 'DAGS_FOLDER/P2M3_saepul_hilal_DAG.py', '--cfg-path', '/tmp/tmp59j807l7', '--error-file', '/tmp/tmp75uopsxu']
[2023-12-25T11:46:01.362+0000] {standard_task_runner.py:80} INFO - Job 29: Subtask Post_to_Elasticsearch
[2023-12-25T11:46:01.393+0000] {task_command.py:371} INFO - Running <TaskInstance: ETL.Post_to_Elasticsearch manual__2023-12-25T11:40:56.741352+00:00 [running]> on host 0df44d59871b
[2023-12-25T11:46:01.431+0000] {taskinstance.py:1583} INFO - Exporting the following env vars:
AIRFLOW_CTX_DAG_OWNER=saepul
AIRFLOW_CTX_DAG_ID=ETL
AIRFLOW_CTX_TASK_ID=Post_to_Elasticsearch
AIRFLOW_CTX_EXECUTION_DATE=2023-12-25T11:40:56.741352+00:00
AIRFLOW_CTX_TRY_NUMBER=2
AIRFLOW_CTX_DAG_RUN_ID=manual__2023-12-25T11:40:56.741352+00:00
[2023-12-25T11:46:01.711+0000] {base.py:271} INFO - POST http://elasticsearch:9200/_bulk [status:200 request:0.032s]
[2023-12-25T11:46:01.743+0000] {base.py:271} INFO - POST http://elasticsearch:9200/_bulk [status:200 request:0.025s]
[2023-12-25T11:46:01.768+0000] {base.py:271} INFO - POST http://elasticsearch:9200/_bulk [status:200 request:0.019s]
[2023-12-25T11:46:01.794+0000] {base.py:271} INFO - POST http://elasticsearch:9200/_bulk [status:200 request:0.020s]
[2023-12-25T11:46:01.820+0000] {base.py:271} INFO - POST http://elasticsearch:9200/_bulk [status:200 request:0.020s]
[2023-12-25T11:46:01.847+0000] {base.py:271} INFO - POST http://elasticsearch:9200/_bulk [status:200 request:0.020s]
[2023-12-25T11:46:01.879+0000] {base.py:271} INFO - POST http://elasticsearch:9200/_bulk [status:200 request:0.026s]
[2023-12-25T11:46:01.908+0000] {base.py:271} INFO - POST http://elasticsearch:9200/_bulk [status:200 request:0.023s]
[2023-12-25T11:46:01.933+0000] {base.py:271} INFO - POST http://elasticsearch:9200/_bulk [status:200 request:0.019s]
[2023-12-25T11:46:01.957+0000] {base.py:271} INFO - POST http://elasticsearch:9200/_bulk [status:200 request:0.018s]
[2023-12-25T11:46:01.982+0000] {base.py:271} INFO - POST http://elasticsearch:9200/_bulk [status:200 request:0.019s]
[2023-12-25T11:46:02.006+0000] {base.py:271} INFO - POST http://elasticsearch:9200/_bulk [status:200 request:0.019s]
[2023-12-25T11:46:02.031+0000] {base.py:271} INFO - POST http://elasticsearch:9200/_bulk [status:200 request:0.019s]
[2023-12-25T11:46:02.054+0000] {base.py:271} INFO - POST http://elasticsearch:9200/_bulk [status:200 request:0.018s]
[2023-12-25T11:46:02.079+0000] {base.py:271} INFO - POST http://elasticsearch:9200/_bulk [status:200 request:0.019s]
[2023-12-25T11:46:02.113+0000] {base.py:271} INFO - POST http://elasticsearch:9200/_bulk [status:200 request:0.027s]
[2023-12-25T11:46:02.136+0000] {base.py:271} INFO - POST http://elasticsearch:9200/_bulk [status:200 request:0.017s]
[2023-12-25T11:46:02.164+0000] {base.py:271} INFO - POST http://elasticsearch:9200/_bulk [status:200 request:0.023s]
[2023-12-25T11:46:02.190+0000] {base.py:271} INFO - POST http://elasticsearch:9200/_bulk [status:200 request:0.019s]
[2023-12-25T11:46:02.200+0000] {base.py:271} INFO - POST http://elasticsearch:9200/_bulk [status:200 request:0.008s]
[2023-12-25T11:46:02.202+0000] {python.py:173} INFO - Done. Returned value was: None
[2023-12-25T11:46:02.211+0000] {taskinstance.py:1412} INFO - Marking task as SUCCESS. dag_id=ETL, task_id=Post_to_Elasticsearch, execution_date=20231225T114056, start_date=20231225T114601, end_date=20231225T114602
[2023-12-25T11:46:02.260+0000] {local_task_job.py:156} INFO - Task exited with return code 0
[2023-12-25T11:46:02.280+0000] {local_task_job.py:279} INFO - 0 downstream tasks scheduled from follow-on schedule check
