[2024-01-08T08:12:10.354+0000] {taskinstance.py:1171} INFO - Dependencies all met for <TaskInstance: fetching_cleaning_push_elastic.Fetch_from_Postgresql scheduled__2024-01-01T06:30:00+00:00 [queued]>
[2024-01-08T08:12:10.385+0000] {taskinstance.py:1171} INFO - Dependencies all met for <TaskInstance: fetching_cleaning_push_elastic.Fetch_from_Postgresql scheduled__2024-01-01T06:30:00+00:00 [queued]>
[2024-01-08T08:12:10.388+0000] {taskinstance.py:1368} INFO - 
--------------------------------------------------------------------------------
[2024-01-08T08:12:10.391+0000] {taskinstance.py:1369} INFO - Starting attempt 1 of 2
[2024-01-08T08:12:10.398+0000] {taskinstance.py:1370} INFO - 
--------------------------------------------------------------------------------
[2024-01-08T08:12:10.488+0000] {taskinstance.py:1389} INFO - Executing <Task(PythonOperator): Fetch_from_Postgresql> on 2024-01-01 06:30:00+00:00
[2024-01-08T08:12:10.530+0000] {standard_task_runner.py:52} INFO - Started process 595 to run task
[2024-01-08T08:12:10.585+0000] {standard_task_runner.py:79} INFO - Running: ['***', 'tasks', 'run', 'fetching_cleaning_push_elastic', 'Fetch_from_Postgresql', 'scheduled__2024-01-01T06:30:00+00:00', '--job-id', '82', '--raw', '--subdir', 'DAGS_FOLDER/P2M3_saepul_hilal_DAG.py', '--cfg-path', '/tmp/tmpflgrmuym', '--error-file', '/tmp/tmpw8rz0o52']
[2024-01-08T08:12:10.620+0000] {standard_task_runner.py:80} INFO - Job 82: Subtask Fetch_from_Postgresql
[2024-01-08T08:12:11.051+0000] {task_command.py:371} INFO - Running <TaskInstance: fetching_cleaning_push_elastic.Fetch_from_Postgresql scheduled__2024-01-01T06:30:00+00:00 [running]> on host 0df44d59871b
[2024-01-08T08:12:11.459+0000] {taskinstance.py:1583} INFO - Exporting the following env vars:
AIRFLOW_CTX_DAG_OWNER=saepul
AIRFLOW_CTX_DAG_ID=fetching_cleaning_push_elastic
AIRFLOW_CTX_TASK_ID=Fetch_from_Postgresql
AIRFLOW_CTX_EXECUTION_DATE=2024-01-01T06:30:00+00:00
AIRFLOW_CTX_TRY_NUMBER=1
AIRFLOW_CTX_DAG_RUN_ID=scheduled__2024-01-01T06:30:00+00:00
[2024-01-08T08:12:15.766+0000] {python.py:173} INFO - Done. Returned value was: None
[2024-01-08T08:12:16.282+0000] {taskinstance.py:1412} INFO - Marking task as SUCCESS. dag_id=fetching_cleaning_push_elastic, task_id=Fetch_from_Postgresql, execution_date=20240101T063000, start_date=20240108T081210, end_date=20240108T081216
[2024-01-08T08:12:16.578+0000] {local_task_job.py:156} INFO - Task exited with return code 0
[2024-01-08T08:12:16.893+0000] {local_task_job.py:279} INFO - 1 downstream tasks scheduled from follow-on schedule check
