[2023-12-25T10:19:23.307+0000] {taskinstance.py:1171} INFO - Dependencies all met for <TaskInstance: ETL.Data_Cleaning manual__2023-12-25T10:19:20.438953+00:00 [queued]>
[2023-12-25T10:19:23.313+0000] {taskinstance.py:1171} INFO - Dependencies all met for <TaskInstance: ETL.Data_Cleaning manual__2023-12-25T10:19:20.438953+00:00 [queued]>
[2023-12-25T10:19:23.313+0000] {taskinstance.py:1368} INFO - 
--------------------------------------------------------------------------------
[2023-12-25T10:19:23.313+0000] {taskinstance.py:1369} INFO - Starting attempt 1 of 2
[2023-12-25T10:19:23.314+0000] {taskinstance.py:1370} INFO - 
--------------------------------------------------------------------------------
[2023-12-25T10:19:23.321+0000] {taskinstance.py:1389} INFO - Executing <Task(PythonOperator): Data_Cleaning> on 2023-12-25 10:19:20.438953+00:00
[2023-12-25T10:19:23.326+0000] {standard_task_runner.py:52} INFO - Started process 811 to run task
[2023-12-25T10:19:23.328+0000] {standard_task_runner.py:79} INFO - Running: ['***', 'tasks', 'run', 'ETL', 'Data_Cleaning', 'manual__2023-12-25T10:19:20.438953+00:00', '--job-id', '8', '--raw', '--subdir', 'DAGS_FOLDER/P2M3_saepul_hilal_DAG.py', '--cfg-path', '/tmp/tmp70r5itxr', '--error-file', '/tmp/tmpbte4ahc5']
[2023-12-25T10:19:23.329+0000] {standard_task_runner.py:80} INFO - Job 8: Subtask Data_Cleaning
[2023-12-25T10:19:23.376+0000] {task_command.py:371} INFO - Running <TaskInstance: ETL.Data_Cleaning manual__2023-12-25T10:19:20.438953+00:00 [running]> on host 0df44d59871b
[2023-12-25T10:19:23.416+0000] {taskinstance.py:1583} INFO - Exporting the following env vars:
AIRFLOW_CTX_DAG_OWNER=saepul
AIRFLOW_CTX_DAG_ID=ETL
AIRFLOW_CTX_TASK_ID=Data_Cleaning
AIRFLOW_CTX_EXECUTION_DATE=2023-12-25T10:19:20.438953+00:00
AIRFLOW_CTX_TRY_NUMBER=1
AIRFLOW_CTX_DAG_RUN_ID=manual__2023-12-25T10:19:20.438953+00:00
[2023-12-25T10:19:23.518+0000] {python.py:173} INFO - Done. Returned value was: None
[2023-12-25T10:19:23.526+0000] {taskinstance.py:1412} INFO - Marking task as SUCCESS. dag_id=ETL, task_id=Data_Cleaning, execution_date=20231225T101920, start_date=20231225T101923, end_date=20231225T101923
[2023-12-25T10:19:23.550+0000] {local_task_job.py:156} INFO - Task exited with return code 0
[2023-12-25T10:19:23.569+0000] {local_task_job.py:279} INFO - 1 downstream tasks scheduled from follow-on schedule check
