[2024-01-08T08:12:10.336+0000] {taskinstance.py:1171} INFO - Dependencies all met for <TaskInstance: fetching_cleaning_push_elastic.Fetch_from_Postgresql scheduled__2024-01-02T06:30:00+00:00 [queued]>
[2024-01-08T08:12:10.399+0000] {taskinstance.py:1171} INFO - Dependencies all met for <TaskInstance: fetching_cleaning_push_elastic.Fetch_from_Postgresql scheduled__2024-01-02T06:30:00+00:00 [queued]>
[2024-01-08T08:12:10.416+0000] {taskinstance.py:1368} INFO - 
--------------------------------------------------------------------------------
[2024-01-08T08:12:10.418+0000] {taskinstance.py:1369} INFO - Starting attempt 1 of 2
[2024-01-08T08:12:10.420+0000] {taskinstance.py:1370} INFO - 
--------------------------------------------------------------------------------
[2024-01-08T08:12:10.499+0000] {taskinstance.py:1389} INFO - Executing <Task(PythonOperator): Fetch_from_Postgresql> on 2024-01-02 06:30:00+00:00
[2024-01-08T08:12:10.540+0000] {standard_task_runner.py:52} INFO - Started process 596 to run task
[2024-01-08T08:12:10.567+0000] {standard_task_runner.py:79} INFO - Running: ['***', 'tasks', 'run', 'fetching_cleaning_push_elastic', 'Fetch_from_Postgresql', 'scheduled__2024-01-02T06:30:00+00:00', '--job-id', '80', '--raw', '--subdir', 'DAGS_FOLDER/P2M3_saepul_hilal_DAG.py', '--cfg-path', '/tmp/tmp54kt_0id', '--error-file', '/tmp/tmpbw42evnj']
[2024-01-08T08:12:10.600+0000] {standard_task_runner.py:80} INFO - Job 80: Subtask Fetch_from_Postgresql
[2024-01-08T08:12:10.968+0000] {task_command.py:371} INFO - Running <TaskInstance: fetching_cleaning_push_elastic.Fetch_from_Postgresql scheduled__2024-01-02T06:30:00+00:00 [running]> on host 0df44d59871b
[2024-01-08T08:12:11.543+0000] {taskinstance.py:1583} INFO - Exporting the following env vars:
AIRFLOW_CTX_DAG_OWNER=saepul
AIRFLOW_CTX_DAG_ID=fetching_cleaning_push_elastic
AIRFLOW_CTX_TASK_ID=Fetch_from_Postgresql
AIRFLOW_CTX_EXECUTION_DATE=2024-01-02T06:30:00+00:00
AIRFLOW_CTX_TRY_NUMBER=1
AIRFLOW_CTX_DAG_RUN_ID=scheduled__2024-01-02T06:30:00+00:00
[2024-01-08T08:12:14.734+0000] {python.py:173} INFO - Done. Returned value was: None
[2024-01-08T08:12:15.089+0000] {taskinstance.py:1412} INFO - Marking task as SUCCESS. dag_id=fetching_cleaning_push_elastic, task_id=Fetch_from_Postgresql, execution_date=20240102T063000, start_date=20240108T081210, end_date=20240108T081215
[2024-01-08T08:12:15.361+0000] {local_task_job.py:156} INFO - Task exited with return code 0
[2024-01-08T08:12:16.414+0000] {local_task_job.py:279} INFO - 1 downstream tasks scheduled from follow-on schedule check
