[2023-12-25T11:21:20.795+0000] {taskinstance.py:1171} INFO - Dependencies all met for <TaskInstance: ETL.Fetch_from_Postgresql manual__2023-12-25T11:21:19.150376+00:00 [queued]>
[2023-12-25T11:21:20.802+0000] {taskinstance.py:1171} INFO - Dependencies all met for <TaskInstance: ETL.Fetch_from_Postgresql manual__2023-12-25T11:21:19.150376+00:00 [queued]>
[2023-12-25T11:21:20.802+0000] {taskinstance.py:1368} INFO - 
--------------------------------------------------------------------------------
[2023-12-25T11:21:20.802+0000] {taskinstance.py:1369} INFO - Starting attempt 1 of 2
[2023-12-25T11:21:20.803+0000] {taskinstance.py:1370} INFO - 
--------------------------------------------------------------------------------
[2023-12-25T11:21:20.810+0000] {taskinstance.py:1389} INFO - Executing <Task(PythonOperator): Fetch_from_Postgresql> on 2023-12-25 11:21:19.150376+00:00
[2023-12-25T11:21:20.816+0000] {standard_task_runner.py:52} INFO - Started process 234 to run task
[2023-12-25T11:21:20.819+0000] {standard_task_runner.py:79} INFO - Running: ['***', 'tasks', 'run', 'ETL', 'Fetch_from_Postgresql', 'manual__2023-12-25T11:21:19.150376+00:00', '--job-id', '17', '--raw', '--subdir', 'DAGS_FOLDER/P2M3_saepul_hilal_DAG.py', '--cfg-path', '/tmp/tmpa1sskrjw', '--error-file', '/tmp/tmph01ob8l_']
[2023-12-25T11:21:20.820+0000] {standard_task_runner.py:80} INFO - Job 17: Subtask Fetch_from_Postgresql
[2023-12-25T11:21:20.866+0000] {task_command.py:371} INFO - Running <TaskInstance: ETL.Fetch_from_Postgresql manual__2023-12-25T11:21:19.150376+00:00 [running]> on host 0df44d59871b
[2023-12-25T11:21:20.915+0000] {taskinstance.py:1583} INFO - Exporting the following env vars:
AIRFLOW_CTX_DAG_OWNER=saepul
AIRFLOW_CTX_DAG_ID=ETL
AIRFLOW_CTX_TASK_ID=Fetch_from_Postgresql
AIRFLOW_CTX_EXECUTION_DATE=2023-12-25T11:21:19.150376+00:00
AIRFLOW_CTX_TRY_NUMBER=1
AIRFLOW_CTX_DAG_RUN_ID=manual__2023-12-25T11:21:19.150376+00:00
[2023-12-25T11:21:21.034+0000] {python.py:173} INFO - Done. Returned value was: None
[2023-12-25T11:21:21.044+0000] {taskinstance.py:1412} INFO - Marking task as SUCCESS. dag_id=ETL, task_id=Fetch_from_Postgresql, execution_date=20231225T112119, start_date=20231225T112120, end_date=20231225T112121
[2023-12-25T11:21:21.084+0000] {local_task_job.py:156} INFO - Task exited with return code 0
[2023-12-25T11:21:21.110+0000] {local_task_job.py:279} INFO - 1 downstream tasks scheduled from follow-on schedule check
