[2023-12-25T09:07:17.160+0000] {processor.py:153} INFO - Started process (PID=445) to work on /opt/airflow/dags/step/fetch.py
[2023-12-25T09:07:17.161+0000] {processor.py:640} INFO - Processing file /opt/airflow/dags/step/fetch.py for tasks to queue
[2023-12-25T09:07:17.162+0000] {logging_mixin.py:115} INFO - [2023-12-25T09:07:17.162+0000] {dagbag.py:508} INFO - Filling up the DagBag from /opt/airflow/dags/step/fetch.py
[2023-12-25T09:07:17.675+0000] {processor.py:652} WARNING - No viable dags retrieved from /opt/airflow/dags/step/fetch.py
[2023-12-25T09:07:17.690+0000] {processor.py:161} INFO - Processing /opt/airflow/dags/step/fetch.py took 0.535 seconds
[2023-12-25T09:07:47.803+0000] {processor.py:153} INFO - Started process (PID=457) to work on /opt/airflow/dags/step/fetch.py
[2023-12-25T09:07:47.807+0000] {processor.py:640} INFO - Processing file /opt/airflow/dags/step/fetch.py for tasks to queue
[2023-12-25T09:07:47.808+0000] {logging_mixin.py:115} INFO - [2023-12-25T09:07:47.808+0000] {dagbag.py:508} INFO - Filling up the DagBag from /opt/airflow/dags/step/fetch.py
[2023-12-25T09:07:48.208+0000] {processor.py:652} WARNING - No viable dags retrieved from /opt/airflow/dags/step/fetch.py
[2023-12-25T09:07:48.218+0000] {processor.py:161} INFO - Processing /opt/airflow/dags/step/fetch.py took 0.425 seconds
[2023-12-25T09:08:18.355+0000] {processor.py:153} INFO - Started process (PID=469) to work on /opt/airflow/dags/step/fetch.py
[2023-12-25T09:08:18.357+0000] {processor.py:640} INFO - Processing file /opt/airflow/dags/step/fetch.py for tasks to queue
[2023-12-25T09:08:18.358+0000] {logging_mixin.py:115} INFO - [2023-12-25T09:08:18.358+0000] {dagbag.py:508} INFO - Filling up the DagBag from /opt/airflow/dags/step/fetch.py
[2023-12-25T09:08:18.895+0000] {processor.py:652} WARNING - No viable dags retrieved from /opt/airflow/dags/step/fetch.py
[2023-12-25T09:08:18.904+0000] {processor.py:161} INFO - Processing /opt/airflow/dags/step/fetch.py took 0.554 seconds
[2023-12-25T09:08:49.178+0000] {processor.py:153} INFO - Started process (PID=481) to work on /opt/airflow/dags/step/fetch.py
[2023-12-25T09:08:49.181+0000] {processor.py:640} INFO - Processing file /opt/airflow/dags/step/fetch.py for tasks to queue
[2023-12-25T09:08:49.182+0000] {logging_mixin.py:115} INFO - [2023-12-25T09:08:49.182+0000] {dagbag.py:508} INFO - Filling up the DagBag from /opt/airflow/dags/step/fetch.py
[2023-12-25T09:08:49.506+0000] {processor.py:652} WARNING - No viable dags retrieved from /opt/airflow/dags/step/fetch.py
[2023-12-25T09:08:49.514+0000] {processor.py:161} INFO - Processing /opt/airflow/dags/step/fetch.py took 0.343 seconds
[2023-12-25T09:09:19.599+0000] {processor.py:153} INFO - Started process (PID=493) to work on /opt/airflow/dags/step/fetch.py
[2023-12-25T09:09:19.601+0000] {processor.py:640} INFO - Processing file /opt/airflow/dags/step/fetch.py for tasks to queue
[2023-12-25T09:09:19.601+0000] {logging_mixin.py:115} INFO - [2023-12-25T09:09:19.601+0000] {dagbag.py:508} INFO - Filling up the DagBag from /opt/airflow/dags/step/fetch.py
[2023-12-25T09:09:20.106+0000] {processor.py:652} WARNING - No viable dags retrieved from /opt/airflow/dags/step/fetch.py
[2023-12-25T09:09:20.122+0000] {processor.py:161} INFO - Processing /opt/airflow/dags/step/fetch.py took 0.535 seconds
[2023-12-25T09:09:50.397+0000] {processor.py:153} INFO - Started process (PID=505) to work on /opt/airflow/dags/step/fetch.py
[2023-12-25T09:09:50.399+0000] {processor.py:640} INFO - Processing file /opt/airflow/dags/step/fetch.py for tasks to queue
[2023-12-25T09:09:50.400+0000] {logging_mixin.py:115} INFO - [2023-12-25T09:09:50.399+0000] {dagbag.py:508} INFO - Filling up the DagBag from /opt/airflow/dags/step/fetch.py
[2023-12-25T09:09:50.905+0000] {processor.py:652} WARNING - No viable dags retrieved from /opt/airflow/dags/step/fetch.py
[2023-12-25T09:09:50.918+0000] {processor.py:161} INFO - Processing /opt/airflow/dags/step/fetch.py took 0.528 seconds
[2023-12-25T09:10:21.740+0000] {processor.py:153} INFO - Started process (PID=517) to work on /opt/airflow/dags/step/fetch.py
[2023-12-25T09:10:21.742+0000] {processor.py:640} INFO - Processing file /opt/airflow/dags/step/fetch.py for tasks to queue
[2023-12-25T09:10:21.743+0000] {logging_mixin.py:115} INFO - [2023-12-25T09:10:21.743+0000] {dagbag.py:508} INFO - Filling up the DagBag from /opt/airflow/dags/step/fetch.py
[2023-12-25T09:10:22.213+0000] {processor.py:652} WARNING - No viable dags retrieved from /opt/airflow/dags/step/fetch.py
[2023-12-25T09:10:22.223+0000] {processor.py:161} INFO - Processing /opt/airflow/dags/step/fetch.py took 0.492 seconds
[2023-12-25T09:10:52.520+0000] {processor.py:153} INFO - Started process (PID=529) to work on /opt/airflow/dags/step/fetch.py
[2023-12-25T09:10:52.525+0000] {processor.py:640} INFO - Processing file /opt/airflow/dags/step/fetch.py for tasks to queue
[2023-12-25T09:10:52.528+0000] {logging_mixin.py:115} INFO - [2023-12-25T09:10:52.528+0000] {dagbag.py:508} INFO - Filling up the DagBag from /opt/airflow/dags/step/fetch.py
[2023-12-25T09:10:53.076+0000] {processor.py:652} WARNING - No viable dags retrieved from /opt/airflow/dags/step/fetch.py
[2023-12-25T09:10:53.088+0000] {processor.py:161} INFO - Processing /opt/airflow/dags/step/fetch.py took 0.579 seconds
[2023-12-25T09:11:23.430+0000] {processor.py:153} INFO - Started process (PID=541) to work on /opt/airflow/dags/step/fetch.py
[2023-12-25T09:11:23.432+0000] {processor.py:640} INFO - Processing file /opt/airflow/dags/step/fetch.py for tasks to queue
[2023-12-25T09:11:23.432+0000] {logging_mixin.py:115} INFO - [2023-12-25T09:11:23.432+0000] {dagbag.py:508} INFO - Filling up the DagBag from /opt/airflow/dags/step/fetch.py
[2023-12-25T09:11:23.836+0000] {processor.py:652} WARNING - No viable dags retrieved from /opt/airflow/dags/step/fetch.py
[2023-12-25T09:11:23.846+0000] {processor.py:161} INFO - Processing /opt/airflow/dags/step/fetch.py took 0.424 seconds
[2023-12-25T09:11:54.118+0000] {processor.py:153} INFO - Started process (PID=553) to work on /opt/airflow/dags/step/fetch.py
[2023-12-25T09:11:54.121+0000] {processor.py:640} INFO - Processing file /opt/airflow/dags/step/fetch.py for tasks to queue
[2023-12-25T09:11:54.123+0000] {logging_mixin.py:115} INFO - [2023-12-25T09:11:54.123+0000] {dagbag.py:508} INFO - Filling up the DagBag from /opt/airflow/dags/step/fetch.py
[2023-12-25T09:11:54.382+0000] {processor.py:652} WARNING - No viable dags retrieved from /opt/airflow/dags/step/fetch.py
[2023-12-25T09:11:54.389+0000] {processor.py:161} INFO - Processing /opt/airflow/dags/step/fetch.py took 0.280 seconds
[2023-12-25T09:12:24.722+0000] {processor.py:153} INFO - Started process (PID=565) to work on /opt/airflow/dags/step/fetch.py
[2023-12-25T09:12:24.724+0000] {processor.py:640} INFO - Processing file /opt/airflow/dags/step/fetch.py for tasks to queue
[2023-12-25T09:12:24.724+0000] {logging_mixin.py:115} INFO - [2023-12-25T09:12:24.724+0000] {dagbag.py:508} INFO - Filling up the DagBag from /opt/airflow/dags/step/fetch.py
[2023-12-25T09:12:25.209+0000] {processor.py:652} WARNING - No viable dags retrieved from /opt/airflow/dags/step/fetch.py
[2023-12-25T09:12:25.219+0000] {processor.py:161} INFO - Processing /opt/airflow/dags/step/fetch.py took 0.506 seconds
[2023-12-25T09:12:55.480+0000] {processor.py:153} INFO - Started process (PID=577) to work on /opt/airflow/dags/step/fetch.py
[2023-12-25T09:12:55.483+0000] {processor.py:640} INFO - Processing file /opt/airflow/dags/step/fetch.py for tasks to queue
[2023-12-25T09:12:55.484+0000] {logging_mixin.py:115} INFO - [2023-12-25T09:12:55.484+0000] {dagbag.py:508} INFO - Filling up the DagBag from /opt/airflow/dags/step/fetch.py
[2023-12-25T09:12:55.753+0000] {processor.py:652} WARNING - No viable dags retrieved from /opt/airflow/dags/step/fetch.py
[2023-12-25T09:12:55.761+0000] {processor.py:161} INFO - Processing /opt/airflow/dags/step/fetch.py took 0.290 seconds
[2023-12-25T09:13:26.012+0000] {processor.py:153} INFO - Started process (PID=589) to work on /opt/airflow/dags/step/fetch.py
[2023-12-25T09:13:26.014+0000] {processor.py:640} INFO - Processing file /opt/airflow/dags/step/fetch.py for tasks to queue
[2023-12-25T09:13:26.015+0000] {logging_mixin.py:115} INFO - [2023-12-25T09:13:26.015+0000] {dagbag.py:508} INFO - Filling up the DagBag from /opt/airflow/dags/step/fetch.py
[2023-12-25T09:13:26.569+0000] {processor.py:652} WARNING - No viable dags retrieved from /opt/airflow/dags/step/fetch.py
[2023-12-25T09:13:26.580+0000] {processor.py:161} INFO - Processing /opt/airflow/dags/step/fetch.py took 0.577 seconds
[2023-12-25T09:13:56.833+0000] {processor.py:153} INFO - Started process (PID=601) to work on /opt/airflow/dags/step/fetch.py
[2023-12-25T09:13:56.835+0000] {processor.py:640} INFO - Processing file /opt/airflow/dags/step/fetch.py for tasks to queue
[2023-12-25T09:13:56.836+0000] {logging_mixin.py:115} INFO - [2023-12-25T09:13:56.836+0000] {dagbag.py:508} INFO - Filling up the DagBag from /opt/airflow/dags/step/fetch.py
[2023-12-25T09:13:57.203+0000] {processor.py:652} WARNING - No viable dags retrieved from /opt/airflow/dags/step/fetch.py
[2023-12-25T09:13:57.213+0000] {processor.py:161} INFO - Processing /opt/airflow/dags/step/fetch.py took 0.387 seconds
[2023-12-25T09:14:27.434+0000] {processor.py:153} INFO - Started process (PID=613) to work on /opt/airflow/dags/step/fetch.py
[2023-12-25T09:14:27.437+0000] {processor.py:640} INFO - Processing file /opt/airflow/dags/step/fetch.py for tasks to queue
[2023-12-25T09:14:27.438+0000] {logging_mixin.py:115} INFO - [2023-12-25T09:14:27.438+0000] {dagbag.py:508} INFO - Filling up the DagBag from /opt/airflow/dags/step/fetch.py
[2023-12-25T09:14:28.058+0000] {processor.py:652} WARNING - No viable dags retrieved from /opt/airflow/dags/step/fetch.py
[2023-12-25T09:14:28.071+0000] {processor.py:161} INFO - Processing /opt/airflow/dags/step/fetch.py took 0.646 seconds
[2023-12-25T09:14:58.334+0000] {processor.py:153} INFO - Started process (PID=625) to work on /opt/airflow/dags/step/fetch.py
[2023-12-25T09:14:58.336+0000] {processor.py:640} INFO - Processing file /opt/airflow/dags/step/fetch.py for tasks to queue
[2023-12-25T09:14:58.337+0000] {logging_mixin.py:115} INFO - [2023-12-25T09:14:58.337+0000] {dagbag.py:508} INFO - Filling up the DagBag from /opt/airflow/dags/step/fetch.py
[2023-12-25T09:14:58.729+0000] {processor.py:652} WARNING - No viable dags retrieved from /opt/airflow/dags/step/fetch.py
[2023-12-25T09:14:58.739+0000] {processor.py:161} INFO - Processing /opt/airflow/dags/step/fetch.py took 0.412 seconds
[2023-12-25T09:15:28.988+0000] {processor.py:153} INFO - Started process (PID=637) to work on /opt/airflow/dags/step/fetch.py
[2023-12-25T09:15:28.991+0000] {processor.py:640} INFO - Processing file /opt/airflow/dags/step/fetch.py for tasks to queue
[2023-12-25T09:15:28.992+0000] {logging_mixin.py:115} INFO - [2023-12-25T09:15:28.992+0000] {dagbag.py:508} INFO - Filling up the DagBag from /opt/airflow/dags/step/fetch.py
[2023-12-25T09:15:29.617+0000] {processor.py:652} WARNING - No viable dags retrieved from /opt/airflow/dags/step/fetch.py
[2023-12-25T09:15:29.627+0000] {processor.py:161} INFO - Processing /opt/airflow/dags/step/fetch.py took 0.649 seconds
[2023-12-25T09:15:59.742+0000] {processor.py:153} INFO - Started process (PID=649) to work on /opt/airflow/dags/step/fetch.py
[2023-12-25T09:15:59.744+0000] {processor.py:640} INFO - Processing file /opt/airflow/dags/step/fetch.py for tasks to queue
[2023-12-25T09:15:59.745+0000] {logging_mixin.py:115} INFO - [2023-12-25T09:15:59.745+0000] {dagbag.py:508} INFO - Filling up the DagBag from /opt/airflow/dags/step/fetch.py
[2023-12-25T09:16:00.219+0000] {processor.py:652} WARNING - No viable dags retrieved from /opt/airflow/dags/step/fetch.py
[2023-12-25T09:16:00.232+0000] {processor.py:161} INFO - Processing /opt/airflow/dags/step/fetch.py took 0.499 seconds
[2023-12-25T09:16:30.525+0000] {processor.py:153} INFO - Started process (PID=661) to work on /opt/airflow/dags/step/fetch.py
[2023-12-25T09:16:30.527+0000] {processor.py:640} INFO - Processing file /opt/airflow/dags/step/fetch.py for tasks to queue
[2023-12-25T09:16:30.528+0000] {logging_mixin.py:115} INFO - [2023-12-25T09:16:30.528+0000] {dagbag.py:508} INFO - Filling up the DagBag from /opt/airflow/dags/step/fetch.py
[2023-12-25T09:16:31.496+0000] {processor.py:652} WARNING - No viable dags retrieved from /opt/airflow/dags/step/fetch.py
[2023-12-25T09:16:31.534+0000] {processor.py:161} INFO - Processing /opt/airflow/dags/step/fetch.py took 1.019 seconds
[2023-12-25T09:17:01.817+0000] {processor.py:153} INFO - Started process (PID=673) to work on /opt/airflow/dags/step/fetch.py
[2023-12-25T09:17:01.819+0000] {processor.py:640} INFO - Processing file /opt/airflow/dags/step/fetch.py for tasks to queue
[2023-12-25T09:17:01.820+0000] {logging_mixin.py:115} INFO - [2023-12-25T09:17:01.820+0000] {dagbag.py:508} INFO - Filling up the DagBag from /opt/airflow/dags/step/fetch.py
[2023-12-25T09:17:02.297+0000] {processor.py:652} WARNING - No viable dags retrieved from /opt/airflow/dags/step/fetch.py
[2023-12-25T09:17:02.320+0000] {processor.py:161} INFO - Processing /opt/airflow/dags/step/fetch.py took 0.510 seconds
[2023-12-25T09:17:32.805+0000] {processor.py:153} INFO - Started process (PID=685) to work on /opt/airflow/dags/step/fetch.py
[2023-12-25T09:17:32.813+0000] {processor.py:640} INFO - Processing file /opt/airflow/dags/step/fetch.py for tasks to queue
[2023-12-25T09:17:32.822+0000] {logging_mixin.py:115} INFO - [2023-12-25T09:17:32.821+0000] {dagbag.py:508} INFO - Filling up the DagBag from /opt/airflow/dags/step/fetch.py
[2023-12-25T09:17:33.871+0000] {processor.py:652} WARNING - No viable dags retrieved from /opt/airflow/dags/step/fetch.py
[2023-12-25T09:17:33.920+0000] {processor.py:161} INFO - Processing /opt/airflow/dags/step/fetch.py took 1.133 seconds
[2023-12-25T09:18:04.200+0000] {processor.py:153} INFO - Started process (PID=697) to work on /opt/airflow/dags/step/fetch.py
[2023-12-25T09:18:04.202+0000] {processor.py:640} INFO - Processing file /opt/airflow/dags/step/fetch.py for tasks to queue
[2023-12-25T09:18:04.203+0000] {logging_mixin.py:115} INFO - [2023-12-25T09:18:04.203+0000] {dagbag.py:508} INFO - Filling up the DagBag from /opt/airflow/dags/step/fetch.py
[2023-12-25T09:18:04.658+0000] {processor.py:652} WARNING - No viable dags retrieved from /opt/airflow/dags/step/fetch.py
[2023-12-25T09:18:04.669+0000] {processor.py:161} INFO - Processing /opt/airflow/dags/step/fetch.py took 0.479 seconds
[2023-12-25T09:18:35.617+0000] {processor.py:153} INFO - Started process (PID=709) to work on /opt/airflow/dags/step/fetch.py
[2023-12-25T09:18:35.693+0000] {processor.py:640} INFO - Processing file /opt/airflow/dags/step/fetch.py for tasks to queue
[2023-12-25T09:18:35.724+0000] {logging_mixin.py:115} INFO - [2023-12-25T09:18:35.724+0000] {dagbag.py:508} INFO - Filling up the DagBag from /opt/airflow/dags/step/fetch.py
[2023-12-25T09:18:37.659+0000] {processor.py:652} WARNING - No viable dags retrieved from /opt/airflow/dags/step/fetch.py
[2023-12-25T09:18:37.694+0000] {processor.py:161} INFO - Processing /opt/airflow/dags/step/fetch.py took 2.129 seconds
[2023-12-25T09:19:07.945+0000] {processor.py:153} INFO - Started process (PID=721) to work on /opt/airflow/dags/step/fetch.py
[2023-12-25T09:19:07.946+0000] {processor.py:640} INFO - Processing file /opt/airflow/dags/step/fetch.py for tasks to queue
[2023-12-25T09:19:07.947+0000] {logging_mixin.py:115} INFO - [2023-12-25T09:19:07.947+0000] {dagbag.py:508} INFO - Filling up the DagBag from /opt/airflow/dags/step/fetch.py
[2023-12-25T09:19:08.369+0000] {processor.py:652} WARNING - No viable dags retrieved from /opt/airflow/dags/step/fetch.py
[2023-12-25T09:19:08.381+0000] {processor.py:161} INFO - Processing /opt/airflow/dags/step/fetch.py took 0.446 seconds
[2023-12-25T09:19:38.848+0000] {processor.py:153} INFO - Started process (PID=733) to work on /opt/airflow/dags/step/fetch.py
[2023-12-25T09:19:38.857+0000] {processor.py:640} INFO - Processing file /opt/airflow/dags/step/fetch.py for tasks to queue
[2023-12-25T09:19:38.860+0000] {logging_mixin.py:115} INFO - [2023-12-25T09:19:38.860+0000] {dagbag.py:508} INFO - Filling up the DagBag from /opt/airflow/dags/step/fetch.py
[2023-12-25T09:19:40.943+0000] {processor.py:652} WARNING - No viable dags retrieved from /opt/airflow/dags/step/fetch.py
[2023-12-25T09:19:40.986+0000] {processor.py:161} INFO - Processing /opt/airflow/dags/step/fetch.py took 2.188 seconds
[2023-12-25T09:20:12.010+0000] {processor.py:153} INFO - Started process (PID=745) to work on /opt/airflow/dags/step/fetch.py
[2023-12-25T09:20:12.012+0000] {processor.py:640} INFO - Processing file /opt/airflow/dags/step/fetch.py for tasks to queue
[2023-12-25T09:20:12.013+0000] {logging_mixin.py:115} INFO - [2023-12-25T09:20:12.012+0000] {dagbag.py:508} INFO - Filling up the DagBag from /opt/airflow/dags/step/fetch.py
[2023-12-25T09:20:12.476+0000] {processor.py:652} WARNING - No viable dags retrieved from /opt/airflow/dags/step/fetch.py
[2023-12-25T09:20:12.487+0000] {processor.py:161} INFO - Processing /opt/airflow/dags/step/fetch.py took 0.483 seconds
[2023-12-25T09:20:43.676+0000] {processor.py:153} INFO - Started process (PID=757) to work on /opt/airflow/dags/step/fetch.py
[2023-12-25T09:20:43.686+0000] {processor.py:640} INFO - Processing file /opt/airflow/dags/step/fetch.py for tasks to queue
[2023-12-25T09:20:43.696+0000] {logging_mixin.py:115} INFO - [2023-12-25T09:20:43.696+0000] {dagbag.py:508} INFO - Filling up the DagBag from /opt/airflow/dags/step/fetch.py
[2023-12-25T09:20:45.261+0000] {processor.py:652} WARNING - No viable dags retrieved from /opt/airflow/dags/step/fetch.py
[2023-12-25T09:20:45.289+0000] {processor.py:161} INFO - Processing /opt/airflow/dags/step/fetch.py took 1.650 seconds
[2023-12-25T09:21:15.839+0000] {processor.py:153} INFO - Started process (PID=769) to work on /opt/airflow/dags/step/fetch.py
[2023-12-25T09:21:15.841+0000] {processor.py:640} INFO - Processing file /opt/airflow/dags/step/fetch.py for tasks to queue
[2023-12-25T09:21:15.842+0000] {logging_mixin.py:115} INFO - [2023-12-25T09:21:15.842+0000] {dagbag.py:508} INFO - Filling up the DagBag from /opt/airflow/dags/step/fetch.py
[2023-12-25T09:21:16.332+0000] {processor.py:652} WARNING - No viable dags retrieved from /opt/airflow/dags/step/fetch.py
[2023-12-25T09:21:16.343+0000] {processor.py:161} INFO - Processing /opt/airflow/dags/step/fetch.py took 0.512 seconds
[2023-12-25T09:21:46.781+0000] {processor.py:153} INFO - Started process (PID=781) to work on /opt/airflow/dags/step/fetch.py
[2023-12-25T09:21:46.797+0000] {processor.py:640} INFO - Processing file /opt/airflow/dags/step/fetch.py for tasks to queue
[2023-12-25T09:21:46.804+0000] {logging_mixin.py:115} INFO - [2023-12-25T09:21:46.804+0000] {dagbag.py:508} INFO - Filling up the DagBag from /opt/airflow/dags/step/fetch.py
[2023-12-25T09:21:48.795+0000] {processor.py:652} WARNING - No viable dags retrieved from /opt/airflow/dags/step/fetch.py
[2023-12-25T09:21:48.852+0000] {processor.py:161} INFO - Processing /opt/airflow/dags/step/fetch.py took 2.126 seconds
[2023-12-25T09:22:19.169+0000] {processor.py:153} INFO - Started process (PID=793) to work on /opt/airflow/dags/step/fetch.py
[2023-12-25T09:22:19.170+0000] {processor.py:640} INFO - Processing file /opt/airflow/dags/step/fetch.py for tasks to queue
[2023-12-25T09:22:19.171+0000] {logging_mixin.py:115} INFO - [2023-12-25T09:22:19.171+0000] {dagbag.py:508} INFO - Filling up the DagBag from /opt/airflow/dags/step/fetch.py
[2023-12-25T09:22:19.678+0000] {processor.py:652} WARNING - No viable dags retrieved from /opt/airflow/dags/step/fetch.py
[2023-12-25T09:22:19.689+0000] {processor.py:161} INFO - Processing /opt/airflow/dags/step/fetch.py took 0.527 seconds
[2023-12-25T09:22:50.220+0000] {processor.py:153} INFO - Started process (PID=805) to work on /opt/airflow/dags/step/fetch.py
[2023-12-25T09:22:50.233+0000] {processor.py:640} INFO - Processing file /opt/airflow/dags/step/fetch.py for tasks to queue
[2023-12-25T09:22:50.250+0000] {logging_mixin.py:115} INFO - [2023-12-25T09:22:50.247+0000] {dagbag.py:508} INFO - Filling up the DagBag from /opt/airflow/dags/step/fetch.py
[2023-12-25T09:22:52.855+0000] {processor.py:652} WARNING - No viable dags retrieved from /opt/airflow/dags/step/fetch.py
[2023-12-25T09:22:52.881+0000] {processor.py:161} INFO - Processing /opt/airflow/dags/step/fetch.py took 2.670 seconds
[2023-12-25T09:23:23.173+0000] {processor.py:153} INFO - Started process (PID=817) to work on /opt/airflow/dags/step/fetch.py
[2023-12-25T09:23:23.180+0000] {processor.py:640} INFO - Processing file /opt/airflow/dags/step/fetch.py for tasks to queue
[2023-12-25T09:23:23.184+0000] {logging_mixin.py:115} INFO - [2023-12-25T09:23:23.183+0000] {dagbag.py:508} INFO - Filling up the DagBag from /opt/airflow/dags/step/fetch.py
[2023-12-25T09:23:23.876+0000] {processor.py:652} WARNING - No viable dags retrieved from /opt/airflow/dags/step/fetch.py
[2023-12-25T09:23:23.908+0000] {processor.py:161} INFO - Processing /opt/airflow/dags/step/fetch.py took 0.760 seconds
[2023-12-25T09:23:55.017+0000] {processor.py:153} INFO - Started process (PID=829) to work on /opt/airflow/dags/step/fetch.py
[2023-12-25T09:23:55.028+0000] {processor.py:640} INFO - Processing file /opt/airflow/dags/step/fetch.py for tasks to queue
[2023-12-25T09:23:55.114+0000] {logging_mixin.py:115} INFO - [2023-12-25T09:23:55.099+0000] {dagbag.py:508} INFO - Filling up the DagBag from /opt/airflow/dags/step/fetch.py
[2023-12-25T09:23:56.689+0000] {processor.py:652} WARNING - No viable dags retrieved from /opt/airflow/dags/step/fetch.py
[2023-12-25T09:23:56.710+0000] {processor.py:161} INFO - Processing /opt/airflow/dags/step/fetch.py took 1.730 seconds
[2023-12-25T09:24:27.261+0000] {processor.py:153} INFO - Started process (PID=844) to work on /opt/airflow/dags/step/fetch.py
[2023-12-25T09:24:27.262+0000] {processor.py:640} INFO - Processing file /opt/airflow/dags/step/fetch.py for tasks to queue
[2023-12-25T09:24:27.263+0000] {logging_mixin.py:115} INFO - [2023-12-25T09:24:27.263+0000] {dagbag.py:508} INFO - Filling up the DagBag from /opt/airflow/dags/step/fetch.py
[2023-12-25T09:24:27.695+0000] {processor.py:652} WARNING - No viable dags retrieved from /opt/airflow/dags/step/fetch.py
[2023-12-25T09:24:27.709+0000] {processor.py:161} INFO - Processing /opt/airflow/dags/step/fetch.py took 0.454 seconds
[2023-12-25T09:24:58.105+0000] {processor.py:153} INFO - Started process (PID=855) to work on /opt/airflow/dags/step/fetch.py
[2023-12-25T09:24:58.115+0000] {processor.py:640} INFO - Processing file /opt/airflow/dags/step/fetch.py for tasks to queue
[2023-12-25T09:24:58.126+0000] {logging_mixin.py:115} INFO - [2023-12-25T09:24:58.125+0000] {dagbag.py:508} INFO - Filling up the DagBag from /opt/airflow/dags/step/fetch.py
[2023-12-25T09:25:00.278+0000] {processor.py:652} WARNING - No viable dags retrieved from /opt/airflow/dags/step/fetch.py
[2023-12-25T09:25:00.376+0000] {processor.py:161} INFO - Processing /opt/airflow/dags/step/fetch.py took 2.290 seconds
[2023-12-25T09:25:30.725+0000] {processor.py:153} INFO - Started process (PID=866) to work on /opt/airflow/dags/step/fetch.py
[2023-12-25T09:25:30.729+0000] {processor.py:640} INFO - Processing file /opt/airflow/dags/step/fetch.py for tasks to queue
[2023-12-25T09:25:30.732+0000] {logging_mixin.py:115} INFO - [2023-12-25T09:25:30.731+0000] {dagbag.py:508} INFO - Filling up the DagBag from /opt/airflow/dags/step/fetch.py
[2023-12-25T09:25:31.341+0000] {processor.py:652} WARNING - No viable dags retrieved from /opt/airflow/dags/step/fetch.py
[2023-12-25T09:25:31.351+0000] {processor.py:161} INFO - Processing /opt/airflow/dags/step/fetch.py took 0.632 seconds
[2023-12-25T09:26:01.600+0000] {processor.py:153} INFO - Started process (PID=878) to work on /opt/airflow/dags/step/fetch.py
[2023-12-25T09:26:01.603+0000] {processor.py:640} INFO - Processing file /opt/airflow/dags/step/fetch.py for tasks to queue
[2023-12-25T09:26:01.604+0000] {logging_mixin.py:115} INFO - [2023-12-25T09:26:01.604+0000] {dagbag.py:508} INFO - Filling up the DagBag from /opt/airflow/dags/step/fetch.py
[2023-12-25T09:26:03.996+0000] {processor.py:652} WARNING - No viable dags retrieved from /opt/airflow/dags/step/fetch.py
[2023-12-25T09:26:04.039+0000] {processor.py:161} INFO - Processing /opt/airflow/dags/step/fetch.py took 2.448 seconds
[2023-12-25T09:26:34.334+0000] {processor.py:153} INFO - Started process (PID=891) to work on /opt/airflow/dags/step/fetch.py
[2023-12-25T09:26:34.336+0000] {processor.py:640} INFO - Processing file /opt/airflow/dags/step/fetch.py for tasks to queue
[2023-12-25T09:26:34.337+0000] {logging_mixin.py:115} INFO - [2023-12-25T09:26:34.337+0000] {dagbag.py:508} INFO - Filling up the DagBag from /opt/airflow/dags/step/fetch.py
[2023-12-25T09:26:34.926+0000] {processor.py:652} WARNING - No viable dags retrieved from /opt/airflow/dags/step/fetch.py
[2023-12-25T09:26:34.940+0000] {processor.py:161} INFO - Processing /opt/airflow/dags/step/fetch.py took 0.611 seconds
[2023-12-25T09:27:05.197+0000] {processor.py:153} INFO - Started process (PID=902) to work on /opt/airflow/dags/step/fetch.py
[2023-12-25T09:27:05.199+0000] {processor.py:640} INFO - Processing file /opt/airflow/dags/step/fetch.py for tasks to queue
[2023-12-25T09:27:05.200+0000] {logging_mixin.py:115} INFO - [2023-12-25T09:27:05.200+0000] {dagbag.py:508} INFO - Filling up the DagBag from /opt/airflow/dags/step/fetch.py
[2023-12-25T09:27:08.816+0000] {processor.py:652} WARNING - No viable dags retrieved from /opt/airflow/dags/step/fetch.py
[2023-12-25T09:27:08.936+0000] {processor.py:161} INFO - Processing /opt/airflow/dags/step/fetch.py took 3.738 seconds
[2023-12-25T09:27:39.264+0000] {processor.py:153} INFO - Started process (PID=913) to work on /opt/airflow/dags/step/fetch.py
[2023-12-25T09:27:39.266+0000] {processor.py:640} INFO - Processing file /opt/airflow/dags/step/fetch.py for tasks to queue
[2023-12-25T09:27:39.267+0000] {logging_mixin.py:115} INFO - [2023-12-25T09:27:39.267+0000] {dagbag.py:508} INFO - Filling up the DagBag from /opt/airflow/dags/step/fetch.py
[2023-12-25T09:27:39.951+0000] {processor.py:652} WARNING - No viable dags retrieved from /opt/airflow/dags/step/fetch.py
[2023-12-25T09:27:39.967+0000] {processor.py:161} INFO - Processing /opt/airflow/dags/step/fetch.py took 0.712 seconds
[2023-12-25T09:28:10.344+0000] {processor.py:153} INFO - Started process (PID=926) to work on /opt/airflow/dags/step/fetch.py
[2023-12-25T09:28:10.350+0000] {processor.py:640} INFO - Processing file /opt/airflow/dags/step/fetch.py for tasks to queue
[2023-12-25T09:28:10.359+0000] {logging_mixin.py:115} INFO - [2023-12-25T09:28:10.357+0000] {dagbag.py:508} INFO - Filling up the DagBag from /opt/airflow/dags/step/fetch.py
[2023-12-25T09:28:13.126+0000] {processor.py:652} WARNING - No viable dags retrieved from /opt/airflow/dags/step/fetch.py
[2023-12-25T09:28:13.174+0000] {processor.py:161} INFO - Processing /opt/airflow/dags/step/fetch.py took 2.875 seconds
[2023-12-25T09:28:43.489+0000] {processor.py:153} INFO - Started process (PID=939) to work on /opt/airflow/dags/step/fetch.py
[2023-12-25T09:28:43.494+0000] {processor.py:640} INFO - Processing file /opt/airflow/dags/step/fetch.py for tasks to queue
[2023-12-25T09:28:43.496+0000] {logging_mixin.py:115} INFO - [2023-12-25T09:28:43.496+0000] {dagbag.py:508} INFO - Filling up the DagBag from /opt/airflow/dags/step/fetch.py
[2023-12-25T09:28:44.080+0000] {processor.py:652} WARNING - No viable dags retrieved from /opt/airflow/dags/step/fetch.py
[2023-12-25T09:28:44.095+0000] {processor.py:161} INFO - Processing /opt/airflow/dags/step/fetch.py took 0.621 seconds
[2023-12-25T09:29:14.461+0000] {processor.py:153} INFO - Started process (PID=951) to work on /opt/airflow/dags/step/fetch.py
[2023-12-25T09:29:14.484+0000] {processor.py:640} INFO - Processing file /opt/airflow/dags/step/fetch.py for tasks to queue
[2023-12-25T09:29:14.497+0000] {logging_mixin.py:115} INFO - [2023-12-25T09:29:14.497+0000] {dagbag.py:508} INFO - Filling up the DagBag from /opt/airflow/dags/step/fetch.py
[2023-12-25T09:29:16.715+0000] {processor.py:652} WARNING - No viable dags retrieved from /opt/airflow/dags/step/fetch.py
[2023-12-25T09:29:16.747+0000] {processor.py:161} INFO - Processing /opt/airflow/dags/step/fetch.py took 2.377 seconds
[2023-12-25T09:29:47.035+0000] {processor.py:153} INFO - Started process (PID=963) to work on /opt/airflow/dags/step/fetch.py
[2023-12-25T09:29:47.036+0000] {processor.py:640} INFO - Processing file /opt/airflow/dags/step/fetch.py for tasks to queue
[2023-12-25T09:29:47.037+0000] {logging_mixin.py:115} INFO - [2023-12-25T09:29:47.037+0000] {dagbag.py:508} INFO - Filling up the DagBag from /opt/airflow/dags/step/fetch.py
[2023-12-25T09:29:47.625+0000] {processor.py:652} WARNING - No viable dags retrieved from /opt/airflow/dags/step/fetch.py
[2023-12-25T09:29:47.638+0000] {processor.py:161} INFO - Processing /opt/airflow/dags/step/fetch.py took 0.609 seconds
[2023-12-25T09:30:17.911+0000] {processor.py:153} INFO - Started process (PID=975) to work on /opt/airflow/dags/step/fetch.py
[2023-12-25T09:30:17.913+0000] {processor.py:640} INFO - Processing file /opt/airflow/dags/step/fetch.py for tasks to queue
[2023-12-25T09:30:17.914+0000] {logging_mixin.py:115} INFO - [2023-12-25T09:30:17.914+0000] {dagbag.py:508} INFO - Filling up the DagBag from /opt/airflow/dags/step/fetch.py
[2023-12-25T09:30:20.269+0000] {processor.py:652} WARNING - No viable dags retrieved from /opt/airflow/dags/step/fetch.py
[2023-12-25T09:30:20.368+0000] {processor.py:161} INFO - Processing /opt/airflow/dags/step/fetch.py took 2.463 seconds
[2023-12-25T09:30:50.731+0000] {processor.py:153} INFO - Started process (PID=986) to work on /opt/airflow/dags/step/fetch.py
[2023-12-25T09:30:50.732+0000] {processor.py:640} INFO - Processing file /opt/airflow/dags/step/fetch.py for tasks to queue
[2023-12-25T09:30:50.733+0000] {logging_mixin.py:115} INFO - [2023-12-25T09:30:50.733+0000] {dagbag.py:508} INFO - Filling up the DagBag from /opt/airflow/dags/step/fetch.py
[2023-12-25T09:30:51.281+0000] {processor.py:652} WARNING - No viable dags retrieved from /opt/airflow/dags/step/fetch.py
[2023-12-25T09:30:51.309+0000] {processor.py:161} INFO - Processing /opt/airflow/dags/step/fetch.py took 0.583 seconds
[2023-12-25T09:31:21.577+0000] {processor.py:153} INFO - Started process (PID=999) to work on /opt/airflow/dags/step/fetch.py
[2023-12-25T09:31:21.579+0000] {processor.py:640} INFO - Processing file /opt/airflow/dags/step/fetch.py for tasks to queue
[2023-12-25T09:31:21.581+0000] {logging_mixin.py:115} INFO - [2023-12-25T09:31:21.581+0000] {dagbag.py:508} INFO - Filling up the DagBag from /opt/airflow/dags/step/fetch.py
[2023-12-25T09:31:23.656+0000] {processor.py:652} WARNING - No viable dags retrieved from /opt/airflow/dags/step/fetch.py
[2023-12-25T09:31:23.933+0000] {processor.py:161} INFO - Processing /opt/airflow/dags/step/fetch.py took 2.360 seconds
[2023-12-25T09:31:54.369+0000] {processor.py:153} INFO - Started process (PID=1009) to work on /opt/airflow/dags/step/fetch.py
[2023-12-25T09:31:54.371+0000] {processor.py:640} INFO - Processing file /opt/airflow/dags/step/fetch.py for tasks to queue
[2023-12-25T09:31:54.371+0000] {logging_mixin.py:115} INFO - [2023-12-25T09:31:54.371+0000] {dagbag.py:508} INFO - Filling up the DagBag from /opt/airflow/dags/step/fetch.py
[2023-12-25T09:31:54.986+0000] {processor.py:652} WARNING - No viable dags retrieved from /opt/airflow/dags/step/fetch.py
[2023-12-25T09:31:54.999+0000] {processor.py:161} INFO - Processing /opt/airflow/dags/step/fetch.py took 0.637 seconds
[2023-12-25T09:32:25.308+0000] {processor.py:153} INFO - Started process (PID=1024) to work on /opt/airflow/dags/step/fetch.py
[2023-12-25T09:32:25.309+0000] {processor.py:640} INFO - Processing file /opt/airflow/dags/step/fetch.py for tasks to queue
[2023-12-25T09:32:25.310+0000] {logging_mixin.py:115} INFO - [2023-12-25T09:32:25.310+0000] {dagbag.py:508} INFO - Filling up the DagBag from /opt/airflow/dags/step/fetch.py
[2023-12-25T09:32:25.814+0000] {processor.py:652} WARNING - No viable dags retrieved from /opt/airflow/dags/step/fetch.py
[2023-12-25T09:32:25.839+0000] {processor.py:161} INFO - Processing /opt/airflow/dags/step/fetch.py took 0.540 seconds
[2023-12-25T09:32:56.198+0000] {processor.py:153} INFO - Started process (PID=1035) to work on /opt/airflow/dags/step/fetch.py
[2023-12-25T09:32:56.200+0000] {processor.py:640} INFO - Processing file /opt/airflow/dags/step/fetch.py for tasks to queue
[2023-12-25T09:32:56.201+0000] {logging_mixin.py:115} INFO - [2023-12-25T09:32:56.201+0000] {dagbag.py:508} INFO - Filling up the DagBag from /opt/airflow/dags/step/fetch.py
[2023-12-25T09:32:56.809+0000] {processor.py:652} WARNING - No viable dags retrieved from /opt/airflow/dags/step/fetch.py
[2023-12-25T09:32:56.836+0000] {processor.py:161} INFO - Processing /opt/airflow/dags/step/fetch.py took 0.646 seconds
[2023-12-25T09:33:27.131+0000] {processor.py:153} INFO - Started process (PID=1048) to work on /opt/airflow/dags/step/fetch.py
[2023-12-25T09:33:27.136+0000] {processor.py:640} INFO - Processing file /opt/airflow/dags/step/fetch.py for tasks to queue
[2023-12-25T09:33:27.142+0000] {logging_mixin.py:115} INFO - [2023-12-25T09:33:27.141+0000] {dagbag.py:508} INFO - Filling up the DagBag from /opt/airflow/dags/step/fetch.py
[2023-12-25T09:33:27.646+0000] {processor.py:652} WARNING - No viable dags retrieved from /opt/airflow/dags/step/fetch.py
[2023-12-25T09:33:27.663+0000] {processor.py:161} INFO - Processing /opt/airflow/dags/step/fetch.py took 0.554 seconds
