[2023-12-26T07:03:49.613+0000] {taskinstance.py:1171} INFO - Dependencies all met for <TaskInstance: ETL.Post_to_Elasticsearch scheduled__2023-12-25T06:30:00+00:00 [queued]>
[2023-12-26T07:03:49.617+0000] {taskinstance.py:1171} INFO - Dependencies all met for <TaskInstance: ETL.Post_to_Elasticsearch scheduled__2023-12-25T06:30:00+00:00 [queued]>
[2023-12-26T07:03:49.618+0000] {taskinstance.py:1368} INFO - 
--------------------------------------------------------------------------------
[2023-12-26T07:03:49.618+0000] {taskinstance.py:1369} INFO - Starting attempt 1 of 2
[2023-12-26T07:03:49.618+0000] {taskinstance.py:1370} INFO - 
--------------------------------------------------------------------------------
[2023-12-26T07:03:49.624+0000] {taskinstance.py:1389} INFO - Executing <Task(PythonOperator): Post_to_Elasticsearch> on 2023-12-25 06:30:00+00:00
[2023-12-26T07:03:49.634+0000] {standard_task_runner.py:52} INFO - Started process 1038 to run task
[2023-12-26T07:03:49.637+0000] {standard_task_runner.py:79} INFO - Running: ['***', 'tasks', 'run', 'ETL', 'Post_to_Elasticsearch', 'scheduled__2023-12-25T06:30:00+00:00', '--job-id', '70', '--raw', '--subdir', 'DAGS_FOLDER/P2M3_saepul_hilal_DAG.py', '--cfg-path', '/tmp/tmpbqtpc6s7', '--error-file', '/tmp/tmprixb5xxi']
[2023-12-26T07:03:49.638+0000] {standard_task_runner.py:80} INFO - Job 70: Subtask Post_to_Elasticsearch
[2023-12-26T07:03:49.677+0000] {task_command.py:371} INFO - Running <TaskInstance: ETL.Post_to_Elasticsearch scheduled__2023-12-25T06:30:00+00:00 [running]> on host 0df44d59871b
[2023-12-26T07:03:49.715+0000] {taskinstance.py:1583} INFO - Exporting the following env vars:
AIRFLOW_CTX_DAG_OWNER=saepul
AIRFLOW_CTX_DAG_ID=ETL
AIRFLOW_CTX_TASK_ID=Post_to_Elasticsearch
AIRFLOW_CTX_EXECUTION_DATE=2023-12-25T06:30:00+00:00
AIRFLOW_CTX_TRY_NUMBER=1
AIRFLOW_CTX_DAG_RUN_ID=scheduled__2023-12-25T06:30:00+00:00
[2023-12-26T07:03:50.240+0000] {base.py:271} INFO - POST http://elasticsearch:9200/_bulk [status:200 request:0.185s]
[2023-12-26T07:03:50.291+0000] {base.py:271} INFO - POST http://elasticsearch:9200/_bulk [status:200 request:0.042s]
[2023-12-26T07:03:50.335+0000] {base.py:271} INFO - POST http://elasticsearch:9200/_bulk [status:200 request:0.037s]
[2023-12-26T07:03:50.371+0000] {base.py:271} INFO - POST http://elasticsearch:9200/_bulk [status:200 request:0.031s]
[2023-12-26T07:03:50.407+0000] {base.py:271} INFO - POST http://elasticsearch:9200/_bulk [status:200 request:0.027s]
[2023-12-26T07:03:50.438+0000] {base.py:271} INFO - POST http://elasticsearch:9200/_bulk [status:200 request:0.024s]
[2023-12-26T07:03:50.478+0000] {base.py:271} INFO - POST http://elasticsearch:9200/_bulk [status:200 request:0.034s]
[2023-12-26T07:03:50.511+0000] {base.py:271} INFO - POST http://elasticsearch:9200/_bulk [status:200 request:0.027s]
[2023-12-26T07:03:50.542+0000] {base.py:271} INFO - POST http://elasticsearch:9200/_bulk [status:200 request:0.025s]
[2023-12-26T07:03:50.572+0000] {base.py:271} INFO - POST http://elasticsearch:9200/_bulk [status:200 request:0.024s]
[2023-12-26T07:03:50.600+0000] {base.py:271} INFO - POST http://elasticsearch:9200/_bulk [status:200 request:0.023s]
[2023-12-26T07:03:50.627+0000] {base.py:271} INFO - POST http://elasticsearch:9200/_bulk [status:200 request:0.021s]
[2023-12-26T07:03:50.655+0000] {base.py:271} INFO - POST http://elasticsearch:9200/_bulk [status:200 request:0.022s]
[2023-12-26T07:03:50.681+0000] {base.py:271} INFO - POST http://elasticsearch:9200/_bulk [status:200 request:0.020s]
[2023-12-26T07:03:50.719+0000] {base.py:271} INFO - POST http://elasticsearch:9200/_bulk [status:200 request:0.032s]
[2023-12-26T07:03:50.746+0000] {base.py:271} INFO - POST http://elasticsearch:9200/_bulk [status:200 request:0.022s]
[2023-12-26T07:03:50.774+0000] {base.py:271} INFO - POST http://elasticsearch:9200/_bulk [status:200 request:0.022s]
[2023-12-26T07:03:50.801+0000] {base.py:271} INFO - POST http://elasticsearch:9200/_bulk [status:200 request:0.021s]
[2023-12-26T07:03:50.835+0000] {base.py:271} INFO - POST http://elasticsearch:9200/_bulk [status:200 request:0.029s]
[2023-12-26T07:03:50.847+0000] {base.py:271} INFO - POST http://elasticsearch:9200/_bulk [status:200 request:0.008s]
[2023-12-26T07:03:50.849+0000] {python.py:173} INFO - Done. Returned value was: None
[2023-12-26T07:03:50.868+0000] {taskinstance.py:1412} INFO - Marking task as SUCCESS. dag_id=ETL, task_id=Post_to_Elasticsearch, execution_date=20231225T063000, start_date=20231226T070349, end_date=20231226T070350
[2023-12-26T07:03:50.922+0000] {local_task_job.py:156} INFO - Task exited with return code 0
[2023-12-26T07:03:50.953+0000] {local_task_job.py:279} INFO - 0 downstream tasks scheduled from follow-on schedule check
