[2024-01-08T08:13:23.519+0000] {processor.py:153} INFO - Started process (PID=609) to work on /opt/airflow/dags/DAG.py
[2024-01-08T08:13:23.520+0000] {processor.py:640} INFO - Processing file /opt/airflow/dags/DAG.py for tasks to queue
[2024-01-08T08:13:23.520+0000] {logging_mixin.py:115} INFO - [2024-01-08T08:13:23.520+0000] {dagbag.py:508} INFO - Filling up the DagBag from /opt/airflow/dags/DAG.py
[2024-01-08T08:13:24.010+0000] {processor.py:650} INFO - DAG(s) dict_keys(['fetching_cleaning_push_elastic']) retrieved from /opt/airflow/dags/DAG.py
[2024-01-08T08:13:24.043+0000] {logging_mixin.py:115} INFO - [2024-01-08T08:13:24.043+0000] {dag.py:2429} INFO - Sync 1 DAGs
[2024-01-08T08:13:24.055+0000] {logging_mixin.py:115} INFO - [2024-01-08T08:13:24.055+0000] {dag.py:2981} INFO - Setting next_dagrun for fetching_cleaning_push_elastic to 2024-01-14T00:00:00+00:00, run_after=2024-01-21T00:00:00+00:00
[2024-01-08T08:13:24.069+0000] {processor.py:161} INFO - Processing /opt/airflow/dags/DAG.py took 0.555 seconds
[2024-01-08T08:13:54.257+0000] {processor.py:153} INFO - Started process (PID=621) to work on /opt/airflow/dags/DAG.py
[2024-01-08T08:13:54.258+0000] {processor.py:640} INFO - Processing file /opt/airflow/dags/DAG.py for tasks to queue
[2024-01-08T08:13:54.259+0000] {logging_mixin.py:115} INFO - [2024-01-08T08:13:54.259+0000] {dagbag.py:508} INFO - Filling up the DagBag from /opt/airflow/dags/DAG.py
[2024-01-08T08:13:54.757+0000] {processor.py:650} INFO - DAG(s) dict_keys(['fetching_cleaning_push_elastic']) retrieved from /opt/airflow/dags/DAG.py
[2024-01-08T08:13:54.777+0000] {logging_mixin.py:115} INFO - [2024-01-08T08:13:54.777+0000] {dag.py:2429} INFO - Sync 1 DAGs
[2024-01-08T08:13:54.789+0000] {logging_mixin.py:115} INFO - [2024-01-08T08:13:54.789+0000] {dag.py:2981} INFO - Setting next_dagrun for fetching_cleaning_push_elastic to 2024-01-14T00:00:00+00:00, run_after=2024-01-21T00:00:00+00:00
[2024-01-08T08:13:54.802+0000] {processor.py:161} INFO - Processing /opt/airflow/dags/DAG.py took 0.553 seconds
[2024-01-08T08:14:25.391+0000] {processor.py:153} INFO - Started process (PID=633) to work on /opt/airflow/dags/DAG.py
[2024-01-08T08:14:25.393+0000] {processor.py:640} INFO - Processing file /opt/airflow/dags/DAG.py for tasks to queue
[2024-01-08T08:14:25.394+0000] {logging_mixin.py:115} INFO - [2024-01-08T08:14:25.394+0000] {dagbag.py:508} INFO - Filling up the DagBag from /opt/airflow/dags/DAG.py
[2024-01-08T08:14:25.899+0000] {processor.py:650} INFO - DAG(s) dict_keys(['fetching_cleaning_push_elastic']) retrieved from /opt/airflow/dags/DAG.py
[2024-01-08T08:14:25.913+0000] {logging_mixin.py:115} INFO - [2024-01-08T08:14:25.912+0000] {dag.py:2429} INFO - Sync 1 DAGs
[2024-01-08T08:14:25.924+0000] {logging_mixin.py:115} INFO - [2024-01-08T08:14:25.923+0000] {dag.py:2981} INFO - Setting next_dagrun for fetching_cleaning_push_elastic to 2024-01-14T00:00:00+00:00, run_after=2024-01-21T00:00:00+00:00
[2024-01-08T08:14:25.930+0000] {processor.py:161} INFO - Processing /opt/airflow/dags/DAG.py took 0.545 seconds
[2024-01-08T08:14:56.270+0000] {processor.py:153} INFO - Started process (PID=645) to work on /opt/airflow/dags/DAG.py
[2024-01-08T08:14:56.273+0000] {processor.py:640} INFO - Processing file /opt/airflow/dags/DAG.py for tasks to queue
[2024-01-08T08:14:56.275+0000] {logging_mixin.py:115} INFO - [2024-01-08T08:14:56.274+0000] {dagbag.py:508} INFO - Filling up the DagBag from /opt/airflow/dags/DAG.py
[2024-01-08T08:14:56.898+0000] {processor.py:650} INFO - DAG(s) dict_keys(['fetching_cleaning_push_elastic']) retrieved from /opt/airflow/dags/DAG.py
[2024-01-08T08:14:56.947+0000] {logging_mixin.py:115} INFO - [2024-01-08T08:14:56.947+0000] {dag.py:2429} INFO - Sync 1 DAGs
[2024-01-08T08:14:56.959+0000] {logging_mixin.py:115} INFO - [2024-01-08T08:14:56.958+0000] {dag.py:2981} INFO - Setting next_dagrun for fetching_cleaning_push_elastic to 2024-01-14T00:00:00+00:00, run_after=2024-01-21T00:00:00+00:00
[2024-01-08T08:14:56.969+0000] {processor.py:161} INFO - Processing /opt/airflow/dags/DAG.py took 0.707 seconds
[2024-01-08T08:15:04.937+0000] {processor.py:153} INFO - Started process (PID=651) to work on /opt/airflow/dags/DAG.py
[2024-01-08T08:15:04.939+0000] {processor.py:640} INFO - Processing file /opt/airflow/dags/DAG.py for tasks to queue
[2024-01-08T08:15:04.941+0000] {logging_mixin.py:115} INFO - [2024-01-08T08:15:04.941+0000] {dagbag.py:508} INFO - Filling up the DagBag from /opt/airflow/dags/DAG.py
[2024-01-08T08:15:04.946+0000] {processor.py:652} WARNING - No viable dags retrieved from /opt/airflow/dags/DAG.py
[2024-01-08T08:15:04.969+0000] {processor.py:161} INFO - Processing /opt/airflow/dags/DAG.py took 0.068 seconds
[2024-01-08T08:15:35.203+0000] {processor.py:153} INFO - Started process (PID=662) to work on /opt/airflow/dags/DAG.py
[2024-01-08T08:15:35.205+0000] {processor.py:640} INFO - Processing file /opt/airflow/dags/DAG.py for tasks to queue
[2024-01-08T08:15:35.206+0000] {logging_mixin.py:115} INFO - [2024-01-08T08:15:35.206+0000] {dagbag.py:508} INFO - Filling up the DagBag from /opt/airflow/dags/DAG.py
[2024-01-08T08:15:35.209+0000] {processor.py:652} WARNING - No viable dags retrieved from /opt/airflow/dags/DAG.py
[2024-01-08T08:15:35.232+0000] {processor.py:161} INFO - Processing /opt/airflow/dags/DAG.py took 0.036 seconds
[2024-01-08T08:16:05.557+0000] {processor.py:153} INFO - Started process (PID=673) to work on /opt/airflow/dags/DAG.py
[2024-01-08T08:16:05.558+0000] {processor.py:640} INFO - Processing file /opt/airflow/dags/DAG.py for tasks to queue
[2024-01-08T08:16:05.559+0000] {logging_mixin.py:115} INFO - [2024-01-08T08:16:05.559+0000] {dagbag.py:508} INFO - Filling up the DagBag from /opt/airflow/dags/DAG.py
[2024-01-08T08:16:05.562+0000] {processor.py:652} WARNING - No viable dags retrieved from /opt/airflow/dags/DAG.py
[2024-01-08T08:16:05.597+0000] {processor.py:161} INFO - Processing /opt/airflow/dags/DAG.py took 0.046 seconds
