[2024-01-08T08:23:24.067+0000] {processor.py:153} INFO - Started process (PID=773) to work on /opt/airflow/dags/tes.py
[2024-01-08T08:23:24.068+0000] {processor.py:640} INFO - Processing file /opt/airflow/dags/tes.py for tasks to queue
[2024-01-08T08:23:24.069+0000] {logging_mixin.py:115} INFO - [2024-01-08T08:23:24.069+0000] {dagbag.py:508} INFO - Filling up the DagBag from /opt/airflow/dags/tes.py
[2024-01-08T08:23:24.609+0000] {processor.py:650} INFO - DAG(s) dict_keys(['fetching']) retrieved from /opt/airflow/dags/tes.py
[2024-01-08T08:23:24.693+0000] {logging_mixin.py:115} INFO - [2024-01-08T08:23:24.693+0000] {manager.py:508} INFO - Created Permission View: can edit on DAG:fetching
[2024-01-08T08:23:24.700+0000] {logging_mixin.py:115} INFO - [2024-01-08T08:23:24.700+0000] {manager.py:508} INFO - Created Permission View: can read on DAG:fetching
[2024-01-08T08:23:24.707+0000] {logging_mixin.py:115} INFO - [2024-01-08T08:23:24.706+0000] {manager.py:508} INFO - Created Permission View: can delete on DAG:fetching
[2024-01-08T08:23:24.708+0000] {logging_mixin.py:115} INFO - [2024-01-08T08:23:24.707+0000] {dag.py:2429} INFO - Sync 1 DAGs
[2024-01-08T08:23:24.738+0000] {logging_mixin.py:115} INFO - [2024-01-08T08:23:24.738+0000] {dag.py:2448} INFO - Creating ORM DAG for fetching
[2024-01-08T08:23:24.746+0000] {logging_mixin.py:115} INFO - [2024-01-08T08:23:24.746+0000] {dag.py:2981} INFO - Setting next_dagrun for fetching to 2023-12-25T06:30:00+00:00, run_after=2023-12-26T06:30:00+00:00
[2024-01-08T08:23:24.754+0000] {processor.py:161} INFO - Processing /opt/airflow/dags/tes.py took 0.691 seconds
[2024-01-08T08:23:55.115+0000] {processor.py:153} INFO - Started process (PID=784) to work on /opt/airflow/dags/tes.py
[2024-01-08T08:23:55.116+0000] {processor.py:640} INFO - Processing file /opt/airflow/dags/tes.py for tasks to queue
[2024-01-08T08:23:55.117+0000] {logging_mixin.py:115} INFO - [2024-01-08T08:23:55.117+0000] {dagbag.py:508} INFO - Filling up the DagBag from /opt/airflow/dags/tes.py
[2024-01-08T08:23:55.805+0000] {processor.py:650} INFO - DAG(s) dict_keys(['fetching']) retrieved from /opt/airflow/dags/tes.py
[2024-01-08T08:23:55.832+0000] {logging_mixin.py:115} INFO - [2024-01-08T08:23:55.832+0000] {dag.py:2429} INFO - Sync 1 DAGs
[2024-01-08T08:23:55.853+0000] {logging_mixin.py:115} INFO - [2024-01-08T08:23:55.853+0000] {dag.py:2981} INFO - Setting next_dagrun for fetching to 2023-12-25T06:30:00+00:00, run_after=2023-12-26T06:30:00+00:00
[2024-01-08T08:23:55.906+0000] {processor.py:161} INFO - Processing /opt/airflow/dags/tes.py took 0.797 seconds
[2024-01-08T08:24:10.168+0000] {processor.py:153} INFO - Started process (PID=795) to work on /opt/airflow/dags/tes.py
[2024-01-08T08:24:10.169+0000] {processor.py:640} INFO - Processing file /opt/airflow/dags/tes.py for tasks to queue
[2024-01-08T08:24:10.170+0000] {logging_mixin.py:115} INFO - [2024-01-08T08:24:10.170+0000] {dagbag.py:508} INFO - Filling up the DagBag from /opt/airflow/dags/tes.py
[2024-01-08T08:24:10.787+0000] {logging_mixin.py:115} INFO - [2024-01-08T08:24:10.781+0000] {dagbag.py:321} ERROR - Failed to import: /opt/airflow/dags/tes.py
Traceback (most recent call last):
  File "/home/airflow/.local/lib/python3.7/site-packages/airflow/models/dagbag.py", line 318, in parse
    loader.exec_module(new_module)
  File "<frozen importlib._bootstrap_external>", line 728, in exec_module
  File "<frozen importlib._bootstrap>", line 219, in _call_with_frames_removed
  File "/opt/airflow/dags/tes.py", line 49, in <module>
    python_callable=fetching_data
NameError: name 'fetching_data' is not defined
[2024-01-08T08:24:10.788+0000] {processor.py:652} WARNING - No viable dags retrieved from /opt/airflow/dags/tes.py
[2024-01-08T08:24:10.959+0000] {processor.py:161} INFO - Processing /opt/airflow/dags/tes.py took 0.815 seconds
[2024-01-08T08:24:18.222+0000] {processor.py:153} INFO - Started process (PID=801) to work on /opt/airflow/dags/tes.py
[2024-01-08T08:24:18.229+0000] {processor.py:640} INFO - Processing file /opt/airflow/dags/tes.py for tasks to queue
[2024-01-08T08:24:18.232+0000] {logging_mixin.py:115} INFO - [2024-01-08T08:24:18.232+0000] {dagbag.py:508} INFO - Filling up the DagBag from /opt/airflow/dags/tes.py
[2024-01-08T08:24:18.849+0000] {processor.py:650} INFO - DAG(s) dict_keys(['fetching']) retrieved from /opt/airflow/dags/tes.py
[2024-01-08T08:24:18.879+0000] {logging_mixin.py:115} INFO - [2024-01-08T08:24:18.879+0000] {dag.py:2429} INFO - Sync 1 DAGs
[2024-01-08T08:24:18.899+0000] {logging_mixin.py:115} INFO - [2024-01-08T08:24:18.899+0000] {dag.py:2981} INFO - Setting next_dagrun for fetching to 2023-12-25T06:30:00+00:00, run_after=2023-12-26T06:30:00+00:00
[2024-01-08T08:24:18.912+0000] {processor.py:161} INFO - Processing /opt/airflow/dags/tes.py took 0.703 seconds
[2024-01-08T08:24:43.583+0000] {processor.py:153} INFO - Started process (PID=812) to work on /opt/airflow/dags/tes.py
[2024-01-08T08:24:43.584+0000] {processor.py:640} INFO - Processing file /opt/airflow/dags/tes.py for tasks to queue
[2024-01-08T08:24:43.585+0000] {logging_mixin.py:115} INFO - [2024-01-08T08:24:43.585+0000] {dagbag.py:508} INFO - Filling up the DagBag from /opt/airflow/dags/tes.py
[2024-01-08T08:24:43.589+0000] {processor.py:652} WARNING - No viable dags retrieved from /opt/airflow/dags/tes.py
[2024-01-08T08:24:43.633+0000] {processor.py:161} INFO - Processing /opt/airflow/dags/tes.py took 0.056 seconds
[2024-01-08T08:25:13.943+0000] {processor.py:153} INFO - Started process (PID=822) to work on /opt/airflow/dags/tes.py
[2024-01-08T08:25:13.947+0000] {processor.py:640} INFO - Processing file /opt/airflow/dags/tes.py for tasks to queue
[2024-01-08T08:25:13.949+0000] {logging_mixin.py:115} INFO - [2024-01-08T08:25:13.949+0000] {dagbag.py:508} INFO - Filling up the DagBag from /opt/airflow/dags/tes.py
[2024-01-08T08:25:13.958+0000] {processor.py:652} WARNING - No viable dags retrieved from /opt/airflow/dags/tes.py
[2024-01-08T08:25:13.994+0000] {processor.py:161} INFO - Processing /opt/airflow/dags/tes.py took 0.075 seconds
[2024-01-08T08:25:44.285+0000] {processor.py:153} INFO - Started process (PID=832) to work on /opt/airflow/dags/tes.py
[2024-01-08T08:25:44.287+0000] {processor.py:640} INFO - Processing file /opt/airflow/dags/tes.py for tasks to queue
[2024-01-08T08:25:44.288+0000] {logging_mixin.py:115} INFO - [2024-01-08T08:25:44.288+0000] {dagbag.py:508} INFO - Filling up the DagBag from /opt/airflow/dags/tes.py
[2024-01-08T08:25:44.291+0000] {processor.py:652} WARNING - No viable dags retrieved from /opt/airflow/dags/tes.py
[2024-01-08T08:25:44.352+0000] {processor.py:161} INFO - Processing /opt/airflow/dags/tes.py took 0.074 seconds
[2024-01-08T08:26:14.630+0000] {processor.py:153} INFO - Started process (PID=842) to work on /opt/airflow/dags/tes.py
[2024-01-08T08:26:14.632+0000] {processor.py:640} INFO - Processing file /opt/airflow/dags/tes.py for tasks to queue
[2024-01-08T08:26:14.633+0000] {logging_mixin.py:115} INFO - [2024-01-08T08:26:14.633+0000] {dagbag.py:508} INFO - Filling up the DagBag from /opt/airflow/dags/tes.py
[2024-01-08T08:26:14.636+0000] {processor.py:652} WARNING - No viable dags retrieved from /opt/airflow/dags/tes.py
[2024-01-08T08:26:14.680+0000] {processor.py:161} INFO - Processing /opt/airflow/dags/tes.py took 0.057 seconds
[2024-01-08T08:26:45.018+0000] {processor.py:153} INFO - Started process (PID=852) to work on /opt/airflow/dags/tes.py
[2024-01-08T08:26:45.020+0000] {processor.py:640} INFO - Processing file /opt/airflow/dags/tes.py for tasks to queue
[2024-01-08T08:26:45.021+0000] {logging_mixin.py:115} INFO - [2024-01-08T08:26:45.021+0000] {dagbag.py:508} INFO - Filling up the DagBag from /opt/airflow/dags/tes.py
[2024-01-08T08:26:45.025+0000] {processor.py:652} WARNING - No viable dags retrieved from /opt/airflow/dags/tes.py
[2024-01-08T08:26:45.054+0000] {processor.py:161} INFO - Processing /opt/airflow/dags/tes.py took 0.042 seconds
[2024-01-08T08:27:15.359+0000] {processor.py:153} INFO - Started process (PID=862) to work on /opt/airflow/dags/tes.py
[2024-01-08T08:27:15.363+0000] {processor.py:640} INFO - Processing file /opt/airflow/dags/tes.py for tasks to queue
[2024-01-08T08:27:15.365+0000] {logging_mixin.py:115} INFO - [2024-01-08T08:27:15.365+0000] {dagbag.py:508} INFO - Filling up the DagBag from /opt/airflow/dags/tes.py
[2024-01-08T08:27:15.370+0000] {processor.py:652} WARNING - No viable dags retrieved from /opt/airflow/dags/tes.py
[2024-01-08T08:27:15.406+0000] {processor.py:161} INFO - Processing /opt/airflow/dags/tes.py took 0.080 seconds
[2024-01-08T08:27:45.735+0000] {processor.py:153} INFO - Started process (PID=872) to work on /opt/airflow/dags/tes.py
[2024-01-08T08:27:45.739+0000] {processor.py:640} INFO - Processing file /opt/airflow/dags/tes.py for tasks to queue
[2024-01-08T08:27:45.748+0000] {logging_mixin.py:115} INFO - [2024-01-08T08:27:45.747+0000] {dagbag.py:508} INFO - Filling up the DagBag from /opt/airflow/dags/tes.py
[2024-01-08T08:27:45.761+0000] {processor.py:652} WARNING - No viable dags retrieved from /opt/airflow/dags/tes.py
[2024-01-08T08:27:45.814+0000] {processor.py:161} INFO - Processing /opt/airflow/dags/tes.py took 0.093 seconds
